<?xml version="1.0" encoding="UTF-8"?>
<testng-results ignored="0" total="1" passed="1" failed="0" skipped="0">
  <reporter-output>
  </reporter-output>
  <suite started-at="2024-11-11T10:55:27 IST" name="Default suite" finished-at="2024-11-11T10:56:17 IST" duration-ms="50202">
    <groups>
      <group name="smokeTest">
        <method signature="CreateContactTestScriptTestNG.createContactLastNameTest()[pri:0, instance:com.technosol.contacttest.CreateContactTestScriptTestNG@51bf5add]" name="createContactLastNameTest" class="com.technosol.contacttest.CreateContactTestScriptTestNG"/>
      </group> <!-- smokeTest -->
    </groups>
    <test started-at="2024-11-11T10:55:27 IST" name="Default test" finished-at="2024-11-11T10:56:17 IST" duration-ms="50202">
      <class name="com.technosol.contacttest.CreateContactTestScriptTestNG">
        <test-method is-config="true" signature="configBS()[pri:0, instance:com.technosol.contacttest.CreateContactTestScriptTestNG@51bf5add]" started-at="2024-11-11T10:55:27 IST" name="configBS" finished-at="2024-11-11T10:55:27 IST" duration-ms="586" status="PASS">
          <reporter-output>
          </reporter-output>
        </test-method> <!-- configBS -->
        <test-method is-config="true" signature="configBT()[pri:0, instance:com.technosol.contacttest.CreateContactTestScriptTestNG@51bf5add]" started-at="2024-11-11T10:55:27 IST" name="configBT" finished-at="2024-11-11T10:55:27 IST" duration-ms="1" status="PASS">
          <reporter-output>
          </reporter-output>
        </test-method> <!-- configBT -->
        <test-method is-config="true" signature="configBC()[pri:0, instance:com.technosol.contacttest.CreateContactTestScriptTestNG@51bf5add]" started-at="2024-11-11T10:55:27 IST" name="configBC" finished-at="2024-11-11T10:55:38 IST" duration-ms="10836" status="PASS">
          <reporter-output>
          </reporter-output>
        </test-method> <!-- configBC -->
        <test-method is-config="true" signature="configBM()[pri:0, instance:com.technosol.contacttest.CreateContactTestScriptTestNG@51bf5add]" started-at="2024-11-11T10:55:38 IST" name="configBM" finished-at="2024-11-11T10:55:48 IST" duration-ms="9829" status="PASS">
          <reporter-output>
          </reporter-output>
        </test-method> <!-- configBM -->
        <test-method signature="createContactLastNameTest()[pri:0, instance:com.technosol.contacttest.CreateContactTestScriptTestNG@51bf5add]" started-at="2024-11-11T10:55:48 IST" name="createContactLastNameTest" finished-at="2024-11-11T10:56:15 IST" duration-ms="27012" status="PASS">
          <reporter-output>
          </reporter-output>
        </test-method> <!-- createContactLastNameTest -->
        <test-method is-config="true" signature="configAM()[pri:0, instance:com.technosol.contacttest.CreateContactTestScriptTestNG@51bf5add]" started-at="2024-11-11T10:56:15 IST" name="configAM" finished-at="2024-11-11T10:56:17 IST" duration-ms="2119" status="PASS">
          <reporter-output>
          </reporter-output>
        </test-method> <!-- configAM -->
        <test-method is-config="true" signature="configAC()[pri:0, instance:com.technosol.contacttest.CreateContactTestScriptTestNG@51bf5add]" started-at="2024-11-11T10:56:17 IST" name="configAC" finished-at="2024-11-11T10:56:17 IST" duration-ms="338" status="PASS">
          <reporter-output>
          </reporter-output>
        </test-method> <!-- configAC -->
        <test-method is-config="true" signature="configAT()[pri:0, instance:com.technosol.contacttest.CreateContactTestScriptTestNG@51bf5add]" started-at="2024-11-11T10:56:17 IST" name="configAT" finished-at="2024-11-11T10:56:17 IST" duration-ms="0" status="PASS">
          <reporter-output>
          </reporter-output>
        </test-method> <!-- configAT -->
        <test-method is-config="true" signature="configAS()[pri:0, instance:com.technosol.contacttest.CreateContactTestScriptTestNG@51bf5add]" started-at="2024-11-11T10:56:17 IST" name="configAS" finished-at="2024-11-11T10:56:17 IST" duration-ms="2" status="FAIL">
          <exception class="java.lang.NullPointerException">
            <message>
              <![CDATA[Cannot invoke "java.sql.Connection.close()" because "this.c" is null]]>
            </message>
            <full-stacktrace>
              <![CDATA[java.lang.NullPointerException: Cannot invoke "java.sql.Connection.close()" because "this.c" is null
at com.technosol.genric.dbUtility.DatabaseUtility.closeDbConnection(DatabaseUtility.java:37)
at com.technosols.crm.basetest.BaseClass.configAS(BaseClass.java:75)
at java.base/jdk.internal.reflect.NativeMethodAccessorImpl.invoke0(Native Method)
at java.base/jdk.internal.reflect.NativeMethodAccessorImpl.invoke(NativeMethodAccessorImpl.java:77)
at java.base/jdk.internal.reflect.DelegatingMethodAccessorImpl.invoke(DelegatingMethodAccessorImpl.java:43)
at java.base/java.lang.reflect.Method.invoke(Method.java:568)
at org.testng.internal.invokers.MethodInvocationHelper.invokeMethod(MethodInvocationHelper.java:141)
at org.testng.internal.invokers.MethodInvocationHelper.invokeMethodConsideringTimeout(MethodInvocationHelper.java:71)
at org.testng.internal.invokers.ConfigInvoker.invokeConfigurationMethod(ConfigInvoker.java:400)
at org.testng.internal.invokers.ConfigInvoker.invokeConfigurations(ConfigInvoker.java:333)
at org.testng.SuiteRunner.privateRun(SuiteRunner.java:386)
at org.testng.SuiteRunner.run(SuiteRunner.java:312)
at org.testng.SuiteRunnerWorker.runSuite(SuiteRunnerWorker.java:52)
at org.testng.SuiteRunnerWorker.run(SuiteRunnerWorker.java:95)
at org.testng.TestNG.runSuitesSequentially(TestNG.java:1274)
at org.testng.TestNG.runSuitesLocally(TestNG.java:1208)
at org.testng.TestNG.runSuites(TestNG.java:1112)
at org.testng.TestNG.run(TestNG.java:1079)
at org.testng.remote.AbstractRemoteTestNG.run(AbstractRemoteTestNG.java:115)
at org.testng.remote.RemoteTestNG.initAndRun(RemoteTestNG.java:293)
at org.testng.remote.RemoteTestNG.main(RemoteTestNG.java:91)
]]>
            </full-stacktrace>
          </exception> <!-- java.lang.NullPointerException -->
          <reporter-output>
          </reporter-output>
        </test-method> <!-- configAS -->
      </class> <!-- com.technosol.contacttest.CreateContactTestScriptTestNG -->
    </test> <!-- Default test -->
  </suite> <!-- Default suite -->
</testng-results>
