<?xml version="1.0" encoding="UTF-8"?>
<!-- Generated by org.testng.reporters.JUnitXMLReporter -->
<testsuite ignored="2" hostname="LAPTOP-0FLDTBIB" failures="0" tests="1" name="Test" time="103.0" errors="0" timestamp="2024-11-06T15:43:57 IST">
  <testcase classname="com.technosol.contacttest.CreateContactTestScriptTestNG" name="createContactLastNameTest" time="26.921"/>
  <testcase classname="com.technosol.contacttest.CreateContactTestScriptTestNG" name="createContactDateTest" time="0.0">
    <ignored/>
  </testcase> <!-- createContactDateTest -->
  <testcase classname="com.technosol.contacttest.CreateContactTestScriptTestNG" name="createContactWithOrgTest" time="0.0">
    <ignored/>
  </testcase> <!-- createContactWithOrgTest -->
</testsuite> <!-- Test -->
