<?xml version="1.0" encoding="UTF-8"?>
<!-- Generated by org.testng.reporters.JUnitXMLReporter -->
<testsuite ignored="2" hostname="LAPTOP-0FLDTBIB" failures="0" tests="1" name="Default test" time="50.202" errors="0" timestamp="2024-11-11T10:56:17 IST">
  <testcase classname="com.technosol.contacttest.CreateContactTestScriptTestNG" name="createContactLastNameTest" time="27.012"/>
  <testcase classname="com.technosol.contacttest.CreateContactTestScriptTestNG" name="createContactDateTest" time="0.0">
    <ignored/>
  </testcase> <!-- createContactDateTest -->
  <testcase classname="com.technosol.contacttest.CreateContactTestScriptTestNG" name="createContactWithOrgTest" time="0.0">
    <ignored/>
  </testcase> <!-- createContactWithOrgTest -->
</testsuite> <!-- Default test -->
